<?xml version="1.0" encoding="UTF-8"?>
<!-- Generated by org.testng.reporters.JUnitReportReporter -->
<testsuite hostname="DESKTOP-LO85T0O" failures="0" tests="1" name="VerificationPractice.BasicVerificationPractices" time="0.016" errors="0" timestamp="2022-09-29T21:28:37 IST" skipped="0">
  <testcase classname="VerificationPractice.BasicVerificationPractices" name="test2" time="0.016"/>
  <system-out/>
</testsuite> <!-- VerificationPractice.BasicVerificationPractices -->
