<?xml version="1.0" encoding="UTF-8"?>
<!-- Generated by org.testng.reporters.JUnitReportReporter -->
<testsuite hostname="DESKTOP-LO85T0O" failures="0" tests="3" name="TestNGbasics.MethodAnnotations" time="0.028" errors="0" timestamp="2022-09-29T21:25:44 IST" skipped="0">
  <testcase classname="TestNGbasics.MethodAnnotations" name="HomeElement" time="0.008"/>
  <system-out>
    <![CDATA[Checking the HomePage Url]]>
  </system-out>
  <testcase classname="TestNGbasics.MethodAnnotations" name="ProfileCheck" time="0.013"/>
  <system-out>
    <![CDATA[Checking the ProfilePage Url]]>
  </system-out>
  <testcase classname="TestNGbasics.MethodAnnotations" name="NotificationCheck" time="0.007"/>
  <system-out>
    <![CDATA[Checking the NotificationPage Url]]>
  </system-out>
</testsuite> <!-- TestNGbasics.MethodAnnotations -->
