<?xml version="1.0" encoding="UTF-8"?>
<!-- Generated by org.testng.reporters.JUnitReportReporter -->
<testsuite hostname="DESKTOP-LO85T0O" failures="0" tests="3" name="TestNGbasics.Introduction" time="0.015" errors="0" timestamp="2022-09-19T12:06:42 IST" skipped="0">
  <testcase classname="TestNGbasics.Introduction" name="login" time="0.013"/>
  <system-out/>
  <testcase classname="TestNGbasics.Introduction" name="logout" time="0.001"/>
  <system-out/>
  <testcase classname="TestNGbasics.Introduction" name="openUrl" time="0.001"/>
  <system-out/>
</testsuite> <!-- TestNGbasics.Introduction -->
