<?xml version="1.0" encoding="UTF-8"?>
<!-- Generated by org.testng.reporters.JUnitReportReporter -->
<testsuite hostname="DESKTOP-LO85T0O" failures="0" tests="1" name="GroupingPractices.TestCase2" time="0.002" errors="0" timestamp="2022-10-10T19:50:37 IST" skipped="0">
  <testcase classname="GroupingPractices.TestCase2" name="Test6" time="0.002"/>
  <system-out/>
</testsuite> <!-- GroupingPractices.TestCase2 -->
