<?xml version="1.0" encoding="UTF-8"?>
<!-- Generated by org.testng.reporters.JUnitReportReporter -->
<testsuite hostname="DESKTOP-LO85T0O" failures="0" tests="1" name="GroupingPractices.TestCase1" time="0.006" errors="0" timestamp="2022-10-10T19:50:37 IST" skipped="0">
  <testcase classname="GroupingPractices.TestCase1" name="Test3" time="0.006"/>
  <system-out/>
</testsuite> <!-- GroupingPractices.TestCase1 -->
