<?xml version="1.0" encoding="UTF-8"?>
<!-- Generated by org.testng.reporters.JUnitReportReporter -->
<testsuite hostname="DESKTOP-LO85T0O" failures="0" tests="3" name="TestNGbasics.Practices" time="0.035" errors="0" timestamp="2022-09-19T17:18:39 IST" skipped="0">
  <testcase classname="TestNGbasics.Practices" name="openUrl" time="0.008"/>
  <system-out/>
  <testcase classname="TestNGbasics.Practices" name="logout" time="0.005"/>
  <system-out/>
  <testcase classname="TestNGbasics.Practices" name="login" time="0.022"/>
  <system-out/>
</testsuite> <!-- TestNGbasics.Practices -->
