<?xml version="1.0" encoding="UTF-8"?>
<!-- Generated by org.testng.reporters.JUnitReportReporter -->
<testsuite hostname="DESKTOP-LO85T0O" failures="0" tests="3" name="TestAnnotationPractice.TestCase2" time="0.023" errors="0" timestamp="2022-09-22T22:31:37 IST" skipped="0">
  <testcase classname="TestAnnotationPractice.TestCase2" name="m1" time="0.010"/>
  <system-out/>
  <testcase classname="TestAnnotationPractice.TestCase2" name="m3" time="0.011"/>
  <system-out/>
  <testcase classname="TestAnnotationPractice.TestCase2" name="m2" time="0.002"/>
  <system-out/>
</testsuite> <!-- TestAnnotationPractice.TestCase2 -->
